<?xml version="1.0" encoding="UTF-8"?>
<!-- Generated by org.testng.reporters.JUnitXMLReporter -->
<testsuite ignored="0" hostname="IN-FVFH34CFQ05P.local" failures="0" tests="3" name="Default test" time="8.515" errors="0" timestamp="2022-03-08T12:31:52 IST">
  <testcase classname="test.deserializeDemo" name="test01" time="3.142"/>
  <testcase classname="test.deserializeDemo" name="test01" time="2.353"/>
  <testcase classname="test.deserializeDemo" name="test01" time="2.618"/>
</testsuite> <!-- Default test -->
