<?xml version="1.0" encoding="UTF-8"?>
<testng-results ignored="0" total="3" passed="3" failed="0" skipped="0">
  <reporter-output>
  </reporter-output>
  <suite started-at="2022-03-08T12:31:43 IST" name="Default suite" finished-at="2022-03-08T12:31:52 IST" duration-ms="8515">
    <groups>
    </groups>
    <test started-at="2022-03-08T12:31:43 IST" name="Default test" finished-at="2022-03-08T12:31:52 IST" duration-ms="8515">
      <class name="test.deserializeDemo">
        <test-method is-config="true" signature="beforeClass()[pri:0, instance:test.deserializeDemo@1da2cb77]" started-at="2022-03-08T12:31:43 IST" name="beforeClass" finished-at="2022-03-08T12:31:43 IST" duration-ms="385" status="PASS">
          <reporter-output>
          </reporter-output>
        </test-method> <!-- beforeClass -->
        <test-method signature="test01(java.lang.String,java.lang.String,java.lang.String)[pri:0, instance:test.deserializeDemo@1da2cb77]" started-at="2022-03-08T12:31:43 IST" name="test01" data-provider="workspaceData" finished-at="2022-03-08T12:31:47 IST" duration-ms="3142" status="PASS">
          <params>
            <param index="0">
              <value>
                <![CDATA[my workspace7]]>
              </value>
            </param>
            <param index="1">
              <value>
                <![CDATA[personal]]>
              </value>
            </param>
            <param index="2">
              <value>
                <![CDATA[this is created using rest assured]]>
              </value>
            </param>
          </params>
          <reporter-output>
          </reporter-output>
        </test-method> <!-- test01 -->
        <test-method signature="test01(java.lang.String,java.lang.String,java.lang.String)[pri:0, instance:test.deserializeDemo@1da2cb77]" started-at="2022-03-08T12:31:47 IST" name="test01" data-provider="workspaceData" finished-at="2022-03-08T12:31:49 IST" duration-ms="2353" status="PASS">
          <params>
            <param index="0">
              <value>
                <![CDATA[my workspace8]]>
              </value>
            </param>
            <param index="1">
              <value>
                <![CDATA[personal]]>
              </value>
            </param>
            <param index="2">
              <value>
                <![CDATA[this is created using rest assured]]>
              </value>
            </param>
          </params>
          <reporter-output>
          </reporter-output>
        </test-method> <!-- test01 -->
        <test-method signature="test01(java.lang.String,java.lang.String,java.lang.String)[pri:0, instance:test.deserializeDemo@1da2cb77]" started-at="2022-03-08T12:31:49 IST" name="test01" data-provider="workspaceData" finished-at="2022-03-08T12:31:52 IST" duration-ms="2618" status="PASS">
          <params>
            <param index="0">
              <value>
                <![CDATA[my workspace9]]>
              </value>
            </param>
            <param index="1">
              <value>
                <![CDATA[personal]]>
              </value>
            </param>
            <param index="2">
              <value>
                <![CDATA[this is created using rest assured]]>
              </value>
            </param>
          </params>
          <reporter-output>
          </reporter-output>
        </test-method> <!-- test01 -->
      </class> <!-- test.deserializeDemo -->
    </test> <!-- Default test -->
  </suite> <!-- Default suite -->
</testng-results>
